Performing C++ SOURCE FILE Test GL_HEADER_HAS_GLINT64 failed with the following output:
Change Dir: /Users/SZ/Downloads/osg/iPhone_Project/CMakeFiles/CMakeTmp

Run Build Command:"/usr/bin/xcodebuild" "-project" "CMAKE_TRY_COMPILE.xcodeproj" "build" "-target" "cmTC_e9551" "-configuration" "Debug"
=== BUILD TARGET cmTC_e9551 OF PROJECT CMAKE_TRY_COMPILE WITH CONFIGURATION Debug ===

Check dependencies

Write auxiliary files
/bin/mkdir -p /Users/SZ/Downloads/osg/iPhone_Project/CMakeFiles/CMakeTmp/CMAKE_TRY_COMPILE.build/Debug/cmTC_e9551.build/Objects-normal/x86_64
write-file /Users/SZ/Downloads/osg/iPhone_Project/CMakeFiles/CMakeTmp/CMAKE_TRY_COMPILE.build/Debug/cmTC_e9551.build/Objects-normal/x86_64/cmTC_e9551.LinkFileList

CompileC CMAKE_TRY_COMPILE.build/Debug/cmTC_e9551.build/Objects-normal/x86_64/src.o src.cxx normal x86_64 c++ com.apple.compilers.llvm.clang.1_0.compiler
    cd /Users/SZ/Downloads/osg/iPhone_Project/CMakeFiles/CMakeTmp
    export LANG=en_US.US-ASCII
    /Applications/Xcode.app/Contents/Developer/Toolchains/XcodeDefault.xctoolchain/usr/bin/clang -x c++ -arch x86_64 -fmessage-length=0 -fdiagnostics-show-note-include-stack -fmacro-backtrace-limit=0 -Wno-trigraphs -fpascal-strings -O0 -Wno-missing-field-initializers -Wno-missing-prototypes -Wno-return-type -Wno-non-virtual-dtor -Wno-overloaded-virtual -Wno-exit-time-destructors -Wno-missing-braces -Wparentheses -Wswitch -Wno-unused-function -Wno-unused-label -Wno-unused-parameter -Wno-unused-variable -Wunused-value -Wno-empty-body -Wno-uninitialized -Wno-unknown-pragmas -Wno-shadow -Wno-four-char-constants -Wno-conversion -Wno-constant-conversion -Wno-int-conversion -Wno-bool-conversion -Wno-enum-conversion -Wno-shorten-64-to-32 -Wno-newline-eof -Wno-c++11-extensions -DCMAKE_INTDIR=\"Debug\" -isysroot /Applications/Xcode.app/Contents/Developer/Platforms/MacOSX.platform/Developer/SDKs/MacOSX10.11.sdk -fasm-blocks -fstrict-aliasing -Wdeprecated-declarations -Winvalid-offsetof -mmacosx-version-min=10.11 -g -Wno-sign-conversion -I/Users/SZ/Downloads/osg/iPhone_Project/CMakeFiles/CMakeTmp/Debug/include -I/Users/SZ/Downloads/osg/iPhone_Project/CMakeFiles/CMakeTmp/CMAKE_TRY_COMPILE.build/Debug/cmTC_e9551.build/DerivedSources/x86_64 -I/Users/SZ/Downloads/osg/iPhone_Project/CMakeFiles/CMakeTmp/CMAKE_TRY_COMPILE.build/Debug/cmTC_e9551.build/DerivedSources -Wmost -Wno-four-char-constants -Wno-unknown-pragmas -F/Users/SZ/Downloads/osg/iPhone_Project/CMakeFiles/CMakeTmp/Debug -DGL_HEADER_HAS_GLINT64 -MMD -MT dependencies -MF /Users/SZ/Downloads/osg/iPhone_Project/CMakeFiles/CMakeTmp/CMAKE_TRY_COMPILE.build/Debug/cmTC_e9551.build/Objects-normal/x86_64/src.d --serialize-diagnostics /Users/SZ/Downloads/osg/iPhone_Project/CMakeFiles/CMakeTmp/CMAKE_TRY_COMPILE.build/Debug/cmTC_e9551.build/Objects-normal/x86_64/src.dia -c /Users/SZ/Downloads/osg/iPhone_Project/CMakeFiles/CMakeTmp/src.cxx -o /Users/SZ/Downloads/osg/iPhone_Project/CMakeFiles/CMakeTmp/CMAKE_TRY_COMPILE.build/Debug/cmTC_e9551.build/Objects-normal/x86_64/src.o
/Users/SZ/Downloads/osg/iPhone_Project/CMakeFiles/CMakeTmp/src.cxx:2:14: fatal error: 'OpenGLES/ES2/gl.h' file not found
    #include <OpenGLES/ES2/gl.h>
             ^
1 error generated.

** BUILD FAILED **


The following build commands failed:
	CompileC CMAKE_TRY_COMPILE.build/Debug/cmTC_e9551.build/Objects-normal/x86_64/src.o src.cxx normal x86_64 c++ com.apple.compilers.llvm.clang.1_0.compiler
(1 failure)

Source file was:
#include "TargetConditionals.h"
    #include <OpenGLES/ES2/gl.h>
    int main() { GLint64 test; return 0; }
Performing C++ SOURCE FILE Test GL_HEADER_HAS_GLUINT64 failed with the following output:
Change Dir: /Users/SZ/Downloads/osg/iPhone_Project/CMakeFiles/CMakeTmp

Run Build Command:"/usr/bin/xcodebuild" "-project" "CMAKE_TRY_COMPILE.xcodeproj" "build" "-target" "cmTC_1990e" "-configuration" "Debug"
=== BUILD TARGET cmTC_1990e OF PROJECT CMAKE_TRY_COMPILE WITH CONFIGURATION Debug ===

Check dependencies

Write auxiliary files
/bin/mkdir -p /Users/SZ/Downloads/osg/iPhone_Project/CMakeFiles/CMakeTmp/CMAKE_TRY_COMPILE.build/Debug/cmTC_1990e.build/Objects-normal/x86_64
write-file /Users/SZ/Downloads/osg/iPhone_Project/CMakeFiles/CMakeTmp/CMAKE_TRY_COMPILE.build/Debug/cmTC_1990e.build/Objects-normal/x86_64/cmTC_1990e.LinkFileList

CompileC CMAKE_TRY_COMPILE.build/Debug/cmTC_1990e.build/Objects-normal/x86_64/src.o src.cxx normal x86_64 c++ com.apple.compilers.llvm.clang.1_0.compiler
    cd /Users/SZ/Downloads/osg/iPhone_Project/CMakeFiles/CMakeTmp
    export LANG=en_US.US-ASCII
    /Applications/Xcode.app/Contents/Developer/Toolchains/XcodeDefault.xctoolchain/usr/bin/clang -x c++ -arch x86_64 -fmessage-length=0 -fdiagnostics-show-note-include-stack -fmacro-backtrace-limit=0 -Wno-trigraphs -fpascal-strings -O0 -Wno-missing-field-initializers -Wno-missing-prototypes -Wno-return-type -Wno-non-virtual-dtor -Wno-overloaded-virtual -Wno-exit-time-destructors -Wno-missing-braces -Wparentheses -Wswitch -Wno-unused-function -Wno-unused-label -Wno-unused-parameter -Wno-unused-variable -Wunused-value -Wno-empty-body -Wno-uninitialized -Wno-unknown-pragmas -Wno-shadow -Wno-four-char-constants -Wno-conversion -Wno-constant-conversion -Wno-int-conversion -Wno-bool-conversion -Wno-enum-conversion -Wno-shorten-64-to-32 -Wno-newline-eof -Wno-c++11-extensions -DCMAKE_INTDIR=\"Debug\" -isysroot /Applications/Xcode.app/Contents/Developer/Platforms/MacOSX.platform/Developer/SDKs/MacOSX10.11.sdk -fasm-blocks -fstrict-aliasing -Wdeprecated-declarations -Winvalid-offsetof -mmacosx-version-min=10.11 -g -Wno-sign-conversion -I/Users/SZ/Downloads/osg/iPhone_Project/CMakeFiles/CMakeTmp/Debug/include -I/Users/SZ/Downloads/osg/iPhone_Project/CMakeFiles/CMakeTmp/CMAKE_TRY_COMPILE.build/Debug/cmTC_1990e.build/DerivedSources/x86_64 -I/Users/SZ/Downloads/osg/iPhone_Project/CMakeFiles/CMakeTmp/CMAKE_TRY_COMPILE.build/Debug/cmTC_1990e.build/DerivedSources -Wmost -Wno-four-char-constants -Wno-unknown-pragmas -F/Users/SZ/Downloads/osg/iPhone_Project/CMakeFiles/CMakeTmp/Debug -DGL_HEADER_HAS_GLUINT64 -MMD -MT dependencies -MF /Users/SZ/Downloads/osg/iPhone_Project/CMakeFiles/CMakeTmp/CMAKE_TRY_COMPILE.build/Debug/cmTC_1990e.build/Objects-normal/x86_64/src.d --serialize-diagnostics /Users/SZ/Downloads/osg/iPhone_Project/CMakeFiles/CMakeTmp/CMAKE_TRY_COMPILE.build/Debug/cmTC_1990e.build/Objects-normal/x86_64/src.dia -c /Users/SZ/Downloads/osg/iPhone_Project/CMakeFiles/CMakeTmp/src.cxx -o /Users/SZ/Downloads/osg/iPhone_Project/CMakeFiles/CMakeTmp/CMAKE_TRY_COMPILE.build/Debug/cmTC_1990e.build/Objects-normal/x86_64/src.o
/Users/SZ/Downloads/osg/iPhone_Project/CMakeFiles/CMakeTmp/src.cxx:2:14: fatal error: 'OpenGLES/ES2/gl.h' file not found
    #include <OpenGLES/ES2/gl.h>
             ^
1 error generated.

** BUILD FAILED **


The following build commands failed:
	CompileC CMAKE_TRY_COMPILE.build/Debug/cmTC_1990e.build/Objects-normal/x86_64/src.o src.cxx normal x86_64 c++ com.apple.compilers.llvm.clang.1_0.compiler
(1 failure)

Source file was:
#include "TargetConditionals.h"
    #include <OpenGLES/ES2/gl.h>
    int main() { GLuint64 test; return 0; }
Determining if the function pthread_yield exists failed with the following output:
Change Dir: /Users/SZ/Downloads/osg/iPhone_Project/CMakeFiles/CMakeTmp

Run Build Command:"/usr/bin/xcodebuild" "-project" "CMAKE_TRY_COMPILE.xcodeproj" "build" "-target" "cmTC_cc47a" "-configuration" "Debug"
=== BUILD TARGET cmTC_cc47a OF PROJECT CMAKE_TRY_COMPILE WITH CONFIGURATION Debug ===

Check dependencies

Write auxiliary files
/bin/mkdir -p /Users/SZ/Downloads/osg/iPhone_Project/CMakeFiles/CMakeTmp/CMAKE_TRY_COMPILE.build/Debug/cmTC_cc47a.build/Objects-normal/x86_64
write-file /Users/SZ/Downloads/osg/iPhone_Project/CMakeFiles/CMakeTmp/CMAKE_TRY_COMPILE.build/Debug/cmTC_cc47a.build/Objects-normal/x86_64/cmTC_cc47a.LinkFileList

CompileC CMAKE_TRY_COMPILE.build/Debug/cmTC_cc47a.build/Objects-normal/x86_64/CheckFunctionExists.o /usr/local/Cellar/cmake/3.4.1/share/cmake/Modules/CheckFunctionExists.c normal x86_64 c com.apple.compilers.llvm.clang.1_0.compiler
    cd /Users/SZ/Downloads/osg/iPhone_Project/CMakeFiles/CMakeTmp
    export LANG=en_US.US-ASCII
    /Applications/Xcode.app/Contents/Developer/Toolchains/XcodeDefault.xctoolchain/usr/bin/clang -x c -arch x86_64 -fmessage-length=0 -fdiagnostics-show-note-include-stack -fmacro-backtrace-limit=0 -Wno-trigraphs -fpascal-strings -O0 -Wno-missing-field-initializers -Wno-missing-prototypes -Wno-return-type -Wno-missing-braces -Wparentheses -Wswitch -Wno-unused-function -Wno-unused-label -Wno-unused-parameter -Wno-unused-variable -Wunused-value -Wno-empty-body -Wno-uninitialized -Wno-unknown-pragmas -Wno-shadow -Wno-four-char-constants -Wno-conversion -Wno-constant-conversion -Wno-int-conversion -Wno-bool-conversion -Wno-enum-conversion -Wno-shorten-64-to-32 -Wpointer-sign -Wno-newline-eof -DCMAKE_INTDIR=\"Debug\" -isysroot /Applications/Xcode.app/Contents/Developer/Platforms/MacOSX.platform/Developer/SDKs/MacOSX10.11.sdk -fasm-blocks -fstrict-aliasing -Wdeprecated-declarations -mmacosx-version-min=10.11 -g -Wno-sign-conversion -I/Users/SZ/Downloads/osg/iPhone_Project/CMakeFiles/CMakeTmp/Debug/include -I/Users/SZ/Downloads/osg/iPhone_Project/CMakeFiles/CMakeTmp/CMAKE_TRY_COMPILE.build/Debug/cmTC_cc47a.build/DerivedSources/x86_64 -I/Users/SZ/Downloads/osg/iPhone_Project/CMakeFiles/CMakeTmp/CMAKE_TRY_COMPILE.build/Debug/cmTC_cc47a.build/DerivedSources -Wmost -Wno-four-char-constants -Wno-unknown-pragmas -F/Users/SZ/Downloads/osg/iPhone_Project/CMakeFiles/CMakeTmp/Debug -DCHECK_FUNCTION_EXISTS=pthread_yield -MMD -MT dependencies -MF /Users/SZ/Downloads/osg/iPhone_Project/CMakeFiles/CMakeTmp/CMAKE_TRY_COMPILE.build/Debug/cmTC_cc47a.build/Objects-normal/x86_64/CheckFunctionExists.d --serialize-diagnostics /Users/SZ/Downloads/osg/iPhone_Project/CMakeFiles/CMakeTmp/CMAKE_TRY_COMPILE.build/Debug/cmTC_cc47a.build/Objects-normal/x86_64/CheckFunctionExists.dia -c /usr/local/Cellar/cmake/3.4.1/share/cmake/Modules/CheckFunctionExists.c -o /Users/SZ/Downloads/osg/iPhone_Project/CMakeFiles/CMakeTmp/CMAKE_TRY_COMPILE.build/Debug/cmTC_cc47a.build/Objects-normal/x86_64/CheckFunctionExists.o

Ld Debug/cmTC_cc47a normal x86_64
    cd /Users/SZ/Downloads/osg/iPhone_Project/CMakeFiles/CMakeTmp
    export MACOSX_DEPLOYMENT_TARGET=10.11
    /Applications/Xcode.app/Contents/Developer/Toolchains/XcodeDefault.xctoolchain/usr/bin/clang -arch x86_64 -isysroot /Applications/Xcode.app/Contents/Developer/Platforms/MacOSX.platform/Developer/SDKs/MacOSX10.11.sdk -L/Users/SZ/Downloads/osg/iPhone_Project/CMakeFiles/CMakeTmp/Debug -F/Users/SZ/Downloads/osg/iPhone_Project/CMakeFiles/CMakeTmp/Debug -filelist /Users/SZ/Downloads/osg/iPhone_Project/CMakeFiles/CMakeTmp/CMAKE_TRY_COMPILE.build/Debug/cmTC_cc47a.build/Objects-normal/x86_64/cmTC_cc47a.LinkFileList -mmacosx-version-min=10.11 -Wl,-search_paths_first -Wl,-headerpad_max_install_names -Xlinker -dependency_info -Xlinker /Users/SZ/Downloads/osg/iPhone_Project/CMakeFiles/CMakeTmp/CMAKE_TRY_COMPILE.build/Debug/cmTC_cc47a.build/Objects-normal/x86_64/cmTC_cc47a_dependency_info.dat -o /Users/SZ/Downloads/osg/iPhone_Project/CMakeFiles/CMakeTmp/Debug/cmTC_cc47a
Undefined symbols for architecture x86_64:
  "_pthread_yield", referenced from:
      _main in CheckFunctionExists.o
ld: symbol(s) not found for architecture x86_64
clang: error: linker command failed with exit code 1 (use -v to see invocation)

** BUILD FAILED **


The following build commands failed:
	Ld Debug/cmTC_cc47a normal x86_64
(1 failure)


Determining if the function pthread_setaffinity_np exists failed with the following output:
Change Dir: /Users/SZ/Downloads/osg/iPhone_Project/CMakeFiles/CMakeTmp

Run Build Command:"/usr/bin/xcodebuild" "-project" "CMAKE_TRY_COMPILE.xcodeproj" "build" "-target" "cmTC_b6ac4" "-configuration" "Debug"
=== BUILD TARGET cmTC_b6ac4 OF PROJECT CMAKE_TRY_COMPILE WITH CONFIGURATION Debug ===

Check dependencies

Write auxiliary files
/bin/mkdir -p /Users/SZ/Downloads/osg/iPhone_Project/CMakeFiles/CMakeTmp/CMAKE_TRY_COMPILE.build/Debug/cmTC_b6ac4.build/Objects-normal/x86_64
write-file /Users/SZ/Downloads/osg/iPhone_Project/CMakeFiles/CMakeTmp/CMAKE_TRY_COMPILE.build/Debug/cmTC_b6ac4.build/Objects-normal/x86_64/cmTC_b6ac4.LinkFileList

CompileC CMAKE_TRY_COMPILE.build/Debug/cmTC_b6ac4.build/Objects-normal/x86_64/CheckFunctionExists.o /usr/local/Cellar/cmake/3.4.1/share/cmake/Modules/CheckFunctionExists.c normal x86_64 c com.apple.compilers.llvm.clang.1_0.compiler
    cd /Users/SZ/Downloads/osg/iPhone_Project/CMakeFiles/CMakeTmp
    export LANG=en_US.US-ASCII
    /Applications/Xcode.app/Contents/Developer/Toolchains/XcodeDefault.xctoolchain/usr/bin/clang -x c -arch x86_64 -fmessage-length=0 -fdiagnostics-show-note-include-stack -fmacro-backtrace-limit=0 -Wno-trigraphs -fpascal-strings -O0 -Wno-missing-field-initializers -Wno-missing-prototypes -Wno-return-type -Wno-missing-braces -Wparentheses -Wswitch -Wno-unused-function -Wno-unused-label -Wno-unused-parameter -Wno-unused-variable -Wunused-value -Wno-empty-body -Wno-uninitialized -Wno-unknown-pragmas -Wno-shadow -Wno-four-char-constants -Wno-conversion -Wno-constant-conversion -Wno-int-conversion -Wno-bool-conversion -Wno-enum-conversion -Wno-shorten-64-to-32 -Wpointer-sign -Wno-newline-eof -DCMAKE_INTDIR=\"Debug\" -isysroot /Applications/Xcode.app/Contents/Developer/Platforms/MacOSX.platform/Developer/SDKs/MacOSX10.11.sdk -fasm-blocks -fstrict-aliasing -Wdeprecated-declarations -mmacosx-version-min=10.11 -g -Wno-sign-conversion -I/Users/SZ/Downloads/osg/iPhone_Project/CMakeFiles/CMakeTmp/Debug/include -I/Users/SZ/Downloads/osg/iPhone_Project/CMakeFiles/CMakeTmp/CMAKE_TRY_COMPILE.build/Debug/cmTC_b6ac4.build/DerivedSources/x86_64 -I/Users/SZ/Downloads/osg/iPhone_Project/CMakeFiles/CMakeTmp/CMAKE_TRY_COMPILE.build/Debug/cmTC_b6ac4.build/DerivedSources -Wmost -Wno-four-char-constants -Wno-unknown-pragmas -F/Users/SZ/Downloads/osg/iPhone_Project/CMakeFiles/CMakeTmp/Debug -DCHECK_FUNCTION_EXISTS=pthread_setaffinity_np -MMD -MT dependencies -MF /Users/SZ/Downloads/osg/iPhone_Project/CMakeFiles/CMakeTmp/CMAKE_TRY_COMPILE.build/Debug/cmTC_b6ac4.build/Objects-normal/x86_64/CheckFunctionExists.d --serialize-diagnostics /Users/SZ/Downloads/osg/iPhone_Project/CMakeFiles/CMakeTmp/CMAKE_TRY_COMPILE.build/Debug/cmTC_b6ac4.build/Objects-normal/x86_64/CheckFunctionExists.dia -c /usr/local/Cellar/cmake/3.4.1/share/cmake/Modules/CheckFunctionExists.c -o /Users/SZ/Downloads/osg/iPhone_Project/CMakeFiles/CMakeTmp/CMAKE_TRY_COMPILE.build/Debug/cmTC_b6ac4.build/Objects-normal/x86_64/CheckFunctionExists.o

Ld Debug/cmTC_b6ac4 normal x86_64
    cd /Users/SZ/Downloads/osg/iPhone_Project/CMakeFiles/CMakeTmp
    export MACOSX_DEPLOYMENT_TARGET=10.11
    /Applications/Xcode.app/Contents/Developer/Toolchains/XcodeDefault.xctoolchain/usr/bin/clang -arch x86_64 -isysroot /Applications/Xcode.app/Contents/Developer/Platforms/MacOSX.platform/Developer/SDKs/MacOSX10.11.sdk -L/Users/SZ/Downloads/osg/iPhone_Project/CMakeFiles/CMakeTmp/Debug -F/Users/SZ/Downloads/osg/iPhone_Project/CMakeFiles/CMakeTmp/Debug -filelist /Users/SZ/Downloads/osg/iPhone_Project/CMakeFiles/CMakeTmp/CMAKE_TRY_COMPILE.build/Debug/cmTC_b6ac4.build/Objects-normal/x86_64/cmTC_b6ac4.LinkFileList -mmacosx-version-min=10.11 -Wl,-search_paths_first -Wl,-headerpad_max_install_names -Xlinker -dependency_info -Xlinker /Users/SZ/Downloads/osg/iPhone_Project/CMakeFiles/CMakeTmp/CMAKE_TRY_COMPILE.build/Debug/cmTC_b6ac4.build/Objects-normal/x86_64/cmTC_b6ac4_dependency_info.dat -o /Users/SZ/Downloads/osg/iPhone_Project/CMakeFiles/CMakeTmp/Debug/cmTC_b6ac4
Undefined symbols for architecture x86_64:
  "_pthread_setaffinity_np", referenced from:
      _main in CheckFunctionExists.o
ld: symbol(s) not found for architecture x86_64
clang: error: linker command failed with exit code 1 (use -v to see invocation)

** BUILD FAILED **


The following build commands failed:
	Ld Debug/cmTC_b6ac4 normal x86_64
(1 failure)


Performing C++ SOURCE FILE Test HAVE_THREE_PARAM_SCHED_SETAFFINITY failed with the following output:
Change Dir: /Users/SZ/Downloads/osg/iPhone_Project/CMakeFiles/CMakeTmp

Run Build Command:"/usr/bin/xcodebuild" "-project" "CMAKE_TRY_COMPILE.xcodeproj" "build" "-target" "cmTC_d64b6" "-configuration" "Debug"
=== BUILD TARGET cmTC_d64b6 OF PROJECT CMAKE_TRY_COMPILE WITH CONFIGURATION Debug ===

Check dependencies

Write auxiliary files
/bin/mkdir -p /Users/SZ/Downloads/osg/iPhone_Project/CMakeFiles/CMakeTmp/CMAKE_TRY_COMPILE.build/Debug/cmTC_d64b6.build/Objects-normal/x86_64
write-file /Users/SZ/Downloads/osg/iPhone_Project/CMakeFiles/CMakeTmp/CMAKE_TRY_COMPILE.build/Debug/cmTC_d64b6.build/Objects-normal/x86_64/cmTC_d64b6.LinkFileList

CompileC CMAKE_TRY_COMPILE.build/Debug/cmTC_d64b6.build/Objects-normal/x86_64/src.o src.cxx normal x86_64 c++ com.apple.compilers.llvm.clang.1_0.compiler
    cd /Users/SZ/Downloads/osg/iPhone_Project/CMakeFiles/CMakeTmp
    export LANG=en_US.US-ASCII
    /Applications/Xcode.app/Contents/Developer/Toolchains/XcodeDefault.xctoolchain/usr/bin/clang -x c++ -arch x86_64 -fmessage-length=0 -fdiagnostics-show-note-include-stack -fmacro-backtrace-limit=0 -Wno-trigraphs -fpascal-strings -O0 -Wno-missing-field-initializers -Wno-missing-prototypes -Wno-return-type -Wno-non-virtual-dtor -Wno-overloaded-virtual -Wno-exit-time-destructors -Wno-missing-braces -Wparentheses -Wswitch -Wno-unused-function -Wno-unused-label -Wno-unused-parameter -Wno-unused-variable -Wunused-value -Wno-empty-body -Wno-uninitialized -Wno-unknown-pragmas -Wno-shadow -Wno-four-char-constants -Wno-conversion -Wno-constant-conversion -Wno-int-conversion -Wno-bool-conversion -Wno-enum-conversion -Wno-shorten-64-to-32 -Wno-newline-eof -Wno-c++11-extensions -DCMAKE_INTDIR=\"Debug\" -isysroot /Applications/Xcode.app/Contents/Developer/Platforms/MacOSX.platform/Developer/SDKs/MacOSX10.11.sdk -fasm-blocks -fstrict-aliasing -Wdeprecated-declarations -Winvalid-offsetof -mmacosx-version-min=10.11 -g -Wno-sign-conversion -I/Users/SZ/Downloads/osg/iPhone_Project/CMakeFiles/CMakeTmp/Debug/include -I/Users/SZ/Downloads/osg/iPhone_Project/CMakeFiles/CMakeTmp/CMAKE_TRY_COMPILE.build/Debug/cmTC_d64b6.build/DerivedSources/x86_64 -I/Users/SZ/Downloads/osg/iPhone_Project/CMakeFiles/CMakeTmp/CMAKE_TRY_COMPILE.build/Debug/cmTC_d64b6.build/DerivedSources -Wmost -Wno-four-char-constants -Wno-unknown-pragmas -F/Users/SZ/Downloads/osg/iPhone_Project/CMakeFiles/CMakeTmp/Debug -DHAVE_THREE_PARAM_SCHED_SETAFFINITY -MMD -MT dependencies -MF /Users/SZ/Downloads/osg/iPhone_Project/CMakeFiles/CMakeTmp/CMAKE_TRY_COMPILE.build/Debug/cmTC_d64b6.build/Objects-normal/x86_64/src.d --serialize-diagnostics /Users/SZ/Downloads/osg/iPhone_Project/CMakeFiles/CMakeTmp/CMAKE_TRY_COMPILE.build/Debug/cmTC_d64b6.build/Objects-normal/x86_64/src.dia -c /Users/SZ/Downloads/osg/iPhone_Project/CMakeFiles/CMakeTmp/src.cxx -o /Users/SZ/Downloads/osg/iPhone_Project/CMakeFiles/CMakeTmp/CMAKE_TRY_COMPILE.build/Debug/cmTC_d64b6.build/Objects-normal/x86_64/src.o
/Users/SZ/Downloads/osg/iPhone_Project/CMakeFiles/CMakeTmp/src.cxx:4:13: error: unknown type name 'cpu_set_t'
            cpu_set_t cpumask;
            ^
1 error generated.

** BUILD FAILED **


The following build commands failed:
	CompileC CMAKE_TRY_COMPILE.build/Debug/cmTC_d64b6.build/Objects-normal/x86_64/src.o src.cxx normal x86_64 c++ com.apple.compilers.llvm.clang.1_0.compiler
(1 failure)

Source file was:

            #include <sched.h>
            int main() {
            cpu_set_t cpumask;
            sched_setaffinity( 0, sizeof(cpumask), &cpumask );
            return 0;
            }
Performing C++ SOURCE FILE Test HAVE_TWO_PARAM_SCHED_SETAFFINITY failed with the following output:
Change Dir: /Users/SZ/Downloads/osg/iPhone_Project/CMakeFiles/CMakeTmp

Run Build Command:"/usr/bin/xcodebuild" "-project" "CMAKE_TRY_COMPILE.xcodeproj" "build" "-target" "cmTC_b9a05" "-configuration" "Debug"
=== BUILD TARGET cmTC_b9a05 OF PROJECT CMAKE_TRY_COMPILE WITH CONFIGURATION Debug ===

Check dependencies

Write auxiliary files
/bin/mkdir -p /Users/SZ/Downloads/osg/iPhone_Project/CMakeFiles/CMakeTmp/CMAKE_TRY_COMPILE.build/Debug/cmTC_b9a05.build/Objects-normal/x86_64
write-file /Users/SZ/Downloads/osg/iPhone_Project/CMakeFiles/CMakeTmp/CMAKE_TRY_COMPILE.build/Debug/cmTC_b9a05.build/Objects-normal/x86_64/cmTC_b9a05.LinkFileList

CompileC CMAKE_TRY_COMPILE.build/Debug/cmTC_b9a05.build/Objects-normal/x86_64/src.o src.cxx normal x86_64 c++ com.apple.compilers.llvm.clang.1_0.compiler
    cd /Users/SZ/Downloads/osg/iPhone_Project/CMakeFiles/CMakeTmp
    export LANG=en_US.US-ASCII
    /Applications/Xcode.app/Contents/Developer/Toolchains/XcodeDefault.xctoolchain/usr/bin/clang -x c++ -arch x86_64 -fmessage-length=0 -fdiagnostics-show-note-include-stack -fmacro-backtrace-limit=0 -Wno-trigraphs -fpascal-strings -O0 -Wno-missing-field-initializers -Wno-missing-prototypes -Wno-return-type -Wno-non-virtual-dtor -Wno-overloaded-virtual -Wno-exit-time-destructors -Wno-missing-braces -Wparentheses -Wswitch -Wno-unused-function -Wno-unused-label -Wno-unused-parameter -Wno-unused-variable -Wunused-value -Wno-empty-body -Wno-uninitialized -Wno-unknown-pragmas -Wno-shadow -Wno-four-char-constants -Wno-conversion -Wno-constant-conversion -Wno-int-conversion -Wno-bool-conversion -Wno-enum-conversion -Wno-shorten-64-to-32 -Wno-newline-eof -Wno-c++11-extensions -DCMAKE_INTDIR=\"Debug\" -isysroot /Applications/Xcode.app/Contents/Developer/Platforms/MacOSX.platform/Developer/SDKs/MacOSX10.11.sdk -fasm-blocks -fstrict-aliasing -Wdeprecated-declarations -Winvalid-offsetof -mmacosx-version-min=10.11 -g -Wno-sign-conversion -I/Users/SZ/Downloads/osg/iPhone_Project/CMakeFiles/CMakeTmp/Debug/include -I/Users/SZ/Downloads/osg/iPhone_Project/CMakeFiles/CMakeTmp/CMAKE_TRY_COMPILE.build/Debug/cmTC_b9a05.build/DerivedSources/x86_64 -I/Users/SZ/Downloads/osg/iPhone_Project/CMakeFiles/CMakeTmp/CMAKE_TRY_COMPILE.build/Debug/cmTC_b9a05.build/DerivedSources -Wmost -Wno-four-char-constants -Wno-unknown-pragmas -F/Users/SZ/Downloads/osg/iPhone_Project/CMakeFiles/CMakeTmp/Debug -DHAVE_TWO_PARAM_SCHED_SETAFFINITY -MMD -MT dependencies -MF /Users/SZ/Downloads/osg/iPhone_Project/CMakeFiles/CMakeTmp/CMAKE_TRY_COMPILE.build/Debug/cmTC_b9a05.build/Objects-normal/x86_64/src.d --serialize-diagnostics /Users/SZ/Downloads/osg/iPhone_Project/CMakeFiles/CMakeTmp/CMAKE_TRY_COMPILE.build/Debug/cmTC_b9a05.build/Objects-normal/x86_64/src.dia -c /Users/SZ/Downloads/osg/iPhone_Project/CMakeFiles/CMakeTmp/src.cxx -o /Users/SZ/Downloads/osg/iPhone_Project/CMakeFiles/CMakeTmp/CMAKE_TRY_COMPILE.build/Debug/cmTC_b9a05.build/Objects-normal/x86_64/src.o
/Users/SZ/Downloads/osg/iPhone_Project/CMakeFiles/CMakeTmp/src.cxx:4:19: error: unknown type name 'cpu_set_t'
                  cpu_set_t cpumask;
                  ^
1 error generated.

** BUILD FAILED **


The following build commands failed:
	CompileC CMAKE_TRY_COMPILE.build/Debug/cmTC_b9a05.build/Objects-normal/x86_64/src.o src.cxx normal x86_64 c++ com.apple.compilers.llvm.clang.1_0.compiler
(1 failure)

Source file was:

                #include <sched.h>
                int main() {
                  cpu_set_t cpumask;
                  sched_setaffinity( 0, &cpumask );
                  return 0;
                }
